[2013-12-16 17:51:56][INFO] (QueuedTransactionLog.java:75)  DCP starting...
[2013-12-16 17:51:56][INFO] (QueuedTransactionLog.java:75)  DCP-Model is perparing...
[2013-12-16 17:51:56][FATAL] (QueuedTransactionLog.java:83)  It's maybe not running dbms.
[2013-12-16 17:51:56][FATAL] (QueuedTransactionLog.java:83)  DCP-Model failed.
[2013-12-16 17:51:56][FATAL] (QueuedTransactionLog.java:83)  DCP failed.
[2013-12-16 17:57:04][INFO] (QueuedTransactionLog.java:75)  DCP starting...
[2013-12-16 17:57:04][INFO] (QueuedTransactionLog.java:75)  DCP-Model is perparing...
[2013-12-16 17:57:04][FATAL] (QueuedTransactionLog.java:83)  It's maybe not running dbms.
[2013-12-16 17:57:04][FATAL] (QueuedTransactionLog.java:83)  DCP-Model failed.
[2013-12-16 17:57:04][FATAL] (QueuedTransactionLog.java:83)  DCP failed.
[2013-12-16 18:24:20][INFO] (QueuedTransactionLog.java:75)  DCP starting...
[2013-12-16 18:24:20][INFO] (QueuedTransactionLog.java:75)  DCP-Model is perparing...
[2013-12-16 18:24:20][FATAL] (QueuedTransactionLog.java:83)  It's maybe not running dbms.
[2013-12-16 18:24:20][FATAL] (QueuedTransactionLog.java:83)  DCP-Model failed.
[2013-12-16 18:24:20][FATAL] (QueuedTransactionLog.java:83)  DCP failed.
[2013-12-16 18:25:55][INFO] (QueuedTransactionLog.java:75)  DCP starting...
[2013-12-16 18:25:55][INFO] (QueuedTransactionLog.java:75)  DCP-Model is perparing...
[2013-12-16 18:25:55][FATAL] (QueuedTransactionLog.java:83)  It's maybe not running dbms.
[2013-12-16 18:25:55][FATAL] (QueuedTransactionLog.java:83)  DCP-Model failed.
[2013-12-16 18:25:55][FATAL] (QueuedTransactionLog.java:83)  DCP failed.
[2013-12-16 18:27:21][INFO] (QueuedTransactionLog.java:75)  DCP starting...
[2013-12-16 18:27:21][INFO] (QueuedTransactionLog.java:75)  DCP-Model is perparing...
[2013-12-16 18:27:21][FATAL] (QueuedTransactionLog.java:83)  It's maybe not running dbms.
[2013-12-16 18:27:21][FATAL] (QueuedTransactionLog.java:83)  DCP-Model failed.
[2013-12-16 18:27:21][FATAL] (QueuedTransactionLog.java:83)  DCP failed.
[2013-12-16 18:29:37][INFO] (QueuedTransactionLog.java:75)  DCP starting...
[2013-12-16 18:29:37][INFO] (QueuedTransactionLog.java:75)  DCP-Model is perparing...
[2013-12-16 18:29:37][FATAL] (QueuedTransactionLog.java:83)  It's maybe not running dbms.
[2013-12-16 18:29:37][FATAL] (QueuedTransactionLog.java:83)  DCP-Model failed.
[2013-12-16 18:29:37][FATAL] (QueuedTransactionLog.java:83)  DCP failed.
[2013-12-16 18:44:30][INFO] (QueuedTransactionLog.java:75)  DCP starting...
[2013-12-16 18:44:30][INFO] (QueuedTransactionLog.java:75)  DCP-Model is perparing...
[2013-12-16 18:44:30][FATAL] (QueuedTransactionLog.java:83)  It's maybe not running dbms.
[2013-12-16 18:44:30][FATAL] (QueuedTransactionLog.java:83)  DCP-Model failed.
[2013-12-16 18:44:30][FATAL] (QueuedTransactionLog.java:83)  DCP failed.
[2013-12-16 18:51:51][INFO] (QueuedTransactionLog.java:75)  DCP starting...
[2013-12-16 18:51:51][INFO] (QueuedTransactionLog.java:75)  DCP-Model is perparing...
[2013-12-16 18:51:51][FATAL] (QueuedTransactionLog.java:83)  It's maybe not running dbms.
[2013-12-16 18:51:51][FATAL] (QueuedTransactionLog.java:83)  DCP-Model failed.
[2013-12-16 18:51:51][FATAL] (QueuedTransactionLog.java:83)  DCP failed.
[2013-12-16 18:54:15][INFO] (QueuedTransactionLog.java:75)  DCP starting...
[2013-12-16 18:54:15][INFO] (QueuedTransactionLog.java:75)  DCP-Model is perparing...
[2013-12-16 18:54:15][FATAL] (QueuedTransactionLog.java:83)  It's maybe not running dbms.
[2013-12-16 18:54:15][FATAL] (QueuedTransactionLog.java:83)  DCP-Model failed.
[2013-12-16 18:54:15][FATAL] (QueuedTransactionLog.java:83)  DCP failed.
[2013-12-16 18:59:07][INFO] (QueuedTransactionLog.java:75)  DCP starting...
[2013-12-16 18:59:07][INFO] (QueuedTransactionLog.java:75)  DCP-Model is perparing...
[2013-12-16 18:59:07][FATAL] (QueuedTransactionLog.java:83)  It's maybe not running dbms.
[2013-12-16 18:59:07][FATAL] (QueuedTransactionLog.java:83)  DCP-Model failed.
[2013-12-16 18:59:07][FATAL] (QueuedTransactionLog.java:83)  DCP failed.
[2013-12-16 23:12:50][DEBUG] (QueuedTransactionLog.java:77)  SHOW TABLES LIKE 'TEST_TABLE'
[2013-12-16 23:12:51][DEBUG] (QueuedTransactionLog.java:77)  CREATE TABLE TEST_TABLE (`ROW_NAME_KEY` varchar(250) PRIMARY KEY, `id` varchar(512), `pw` varchar(512), `content` varchar(512))
[2013-12-16 23:12:51][DEBUG] (QueuedTransactionLog.java:77)  UPDATE  TEST_TABLE SET `id`=BINARY('1387203171583768000'),`content`=BINARY('1387203171583814000'),`ROW_NAME_KEY`=BINARY('1387203171583768000'),`pw`=BINARY('1387203171583807000')  WHERE `ROW_NAME_KEY`='1387203171583768000'
[2013-12-16 23:12:52][DEBUG] (QueuedTransactionLog.java:77)  INSERT INTO TEST_TABLE( `id`,`content`,`ROW_NAME_KEY`,`pw`) VALUES('1387203171583768000','1387203171583814000','1387203171583768000','1387203171583807000')
[2013-12-16 23:12:52][DEBUG] (QueuedTransactionLog.java:77)  SELECT * FROM TEST_TABLE WHERE `ROW_NAME_KEY`=BINARY('1387203171583768000')
[2013-12-16 23:14:31][DEBUG] (QueuedTransactionLog.java:77)  SHOW TABLES LIKE 'TEST_TABLE'
[2013-12-16 23:14:32][DEBUG] (QueuedTransactionLog.java:77)  UPDATE  TEST_TABLE SET `id`=BINARY('1387203271934851000'),`content`=BINARY('1387203271934904000'),`ROW_NAME_KEY`=BINARY('1387203271934851000'),`pw`=BINARY('1387203271934896000')  WHERE `ROW_NAME_KEY`='1387203271934851000'
[2013-12-16 23:14:32][DEBUG] (QueuedTransactionLog.java:77)  INSERT INTO TEST_TABLE( `id`,`content`,`ROW_NAME_KEY`,`pw`) VALUES('1387203271934851000','1387203271934904000','1387203271934851000','1387203271934896000')
[2013-12-16 23:14:33][DEBUG] (QueuedTransactionLog.java:77)  SELECT * FROM TEST_TABLE WHERE `ROW_NAME_KEY`=BINARY('1387203271934851000')
[2013-12-16 23:14:35][INFO] (QueuedTransactionLog.java:75)  DCP starting...
[2013-12-16 23:14:35][INFO] (QueuedTransactionLog.java:75)  DCP-Model is perparing...
[2013-12-16 23:14:42][DEBUG] (QueuedTransactionLog.java:77)  SHOW TABLES LIKE 'TEST_TABLE'
[2013-12-16 23:14:42][INFO] (QueuedTransactionLog.java:75)  DCP-Model is ready.
[2013-12-16 23:14:42][INFO] (QueuedTransactionLog.java:75)  DCP-Server is preparing...
[2013-12-16 23:14:43][FATAL] (QueuedTransactionLog.java:83)  DCP failed.
[2013-12-16 23:18:25][DEBUG] (QueuedTransactionLog.java:77)  SHOW TABLES LIKE 'TEST_TABLE'
[2013-12-16 23:18:25][DEBUG] (QueuedTransactionLog.java:77)  UPDATE  TEST_TABLE SET `id`=BINARY('1387203505507077000'),`content`=BINARY('1387203505507098000'),`ROW_NAME_KEY`=BINARY('1387203505507077000'),`pw`=BINARY('1387203505507095000')  WHERE `ROW_NAME_KEY`='1387203505507077000'
[2013-12-16 23:18:26][DEBUG] (QueuedTransactionLog.java:77)  INSERT INTO TEST_TABLE( `id`,`content`,`ROW_NAME_KEY`,`pw`) VALUES('1387203505507077000','1387203505507098000','1387203505507077000','1387203505507095000')
[2013-12-16 23:18:26][DEBUG] (QueuedTransactionLog.java:77)  SELECT * FROM TEST_TABLE WHERE `ROW_NAME_KEY`=BINARY('1387203505507077000')
[2013-12-16 23:18:28][INFO] (QueuedTransactionLog.java:75)  DCP starting...
[2013-12-16 23:18:28][INFO] (QueuedTransactionLog.java:75)  DCP-Model is perparing...
[2013-12-16 23:18:35][DEBUG] (QueuedTransactionLog.java:77)  SHOW TABLES LIKE 'TEST_TABLE'
[2013-12-16 23:18:35][INFO] (QueuedTransactionLog.java:75)  DCP-Model is ready.
[2013-12-16 23:18:35][INFO] (QueuedTransactionLog.java:75)  DCP-Server is preparing...
[2013-12-16 23:18:35][FATAL] (QueuedTransactionLog.java:83)  DCP failed.
[2013-12-16 23:19:43][DEBUG] (QueuedTransactionLog.java:77)  SHOW TABLES LIKE 'TEST_TABLE'
[2013-12-16 23:19:43][DEBUG] (QueuedTransactionLog.java:77)  UPDATE  TEST_TABLE SET `id`=BINARY('1387203583541012000'),`content`=BINARY('1387203583541032000'),`ROW_NAME_KEY`=BINARY('1387203583541012000'),`pw`=BINARY('1387203583541029000')  WHERE `ROW_NAME_KEY`='1387203583541012000'
[2013-12-16 23:19:44][DEBUG] (QueuedTransactionLog.java:77)  INSERT INTO TEST_TABLE( `id`,`content`,`ROW_NAME_KEY`,`pw`) VALUES('1387203583541012000','1387203583541032000','1387203583541012000','1387203583541029000')
[2013-12-16 23:19:44][DEBUG] (QueuedTransactionLog.java:77)  SELECT * FROM TEST_TABLE WHERE `ROW_NAME_KEY`=BINARY('1387203583541012000')
[2013-12-16 23:19:46][INFO] (QueuedTransactionLog.java:75)  DCP starting...
[2013-12-16 23:19:46][INFO] (QueuedTransactionLog.java:75)  DCP-Model is perparing...
[2013-12-16 23:19:53][DEBUG] (QueuedTransactionLog.java:77)  SHOW TABLES LIKE 'TEST_TABLE'
[2013-12-16 23:19:53][INFO] (QueuedTransactionLog.java:75)  DCP-Model is ready.
[2013-12-16 23:19:53][INFO] (QueuedTransactionLog.java:75)  DCP-Server is preparing...
[2013-12-16 23:19:53][FATAL] (QueuedTransactionLog.java:83)  DCP failed.
[2013-12-16 23:20:15][DEBUG] (QueuedTransactionLog.java:77)  SHOW TABLES LIKE 'TEST_TABLE'
[2013-12-16 23:20:16][DEBUG] (QueuedTransactionLog.java:77)  UPDATE  TEST_TABLE SET `id`=BINARY('1387203615903059000'),`content`=BINARY('1387203615903078000'),`ROW_NAME_KEY`=BINARY('1387203615903059000'),`pw`=BINARY('1387203615903075000')  WHERE `ROW_NAME_KEY`='1387203615903059000'
[2013-12-16 23:20:16][DEBUG] (QueuedTransactionLog.java:77)  INSERT INTO TEST_TABLE( `id`,`content`,`ROW_NAME_KEY`,`pw`) VALUES('1387203615903059000','1387203615903078000','1387203615903059000','1387203615903075000')
[2013-12-16 23:20:17][DEBUG] (QueuedTransactionLog.java:77)  SELECT * FROM TEST_TABLE WHERE `ROW_NAME_KEY`=BINARY('1387203615903059000')
[2013-12-16 23:20:18][INFO] (QueuedTransactionLog.java:75)  DCP starting...
[2013-12-16 23:20:18][INFO] (QueuedTransactionLog.java:75)  DCP-Model is perparing...
[2013-12-16 23:20:25][DEBUG] (QueuedTransactionLog.java:77)  SHOW TABLES LIKE 'TEST_TABLE'
[2013-12-16 23:20:26][INFO] (QueuedTransactionLog.java:75)  DCP-Model is ready.
[2013-12-16 23:20:26][INFO] (QueuedTransactionLog.java:75)  DCP-Server is preparing...
[2013-12-16 23:20:26][FATAL] (QueuedTransactionLog.java:83)  DCP failed.
[2013-12-16 23:38:50][DEBUG] (QueuedTransactionLog.java:77)  SHOW TABLES LIKE 'TEST_TABLE'
[2013-12-16 23:38:51][DEBUG] (QueuedTransactionLog.java:77)  UPDATE  TEST_TABLE SET `id`=BINARY('1387204730925054000'),`content`=BINARY('1387204730925082000'),`ROW_NAME_KEY`=BINARY('1387204730925054000'),`pw`=BINARY('1387204730925077000')  WHERE `ROW_NAME_KEY`='1387204730925054000'
[2013-12-16 23:38:51][DEBUG] (QueuedTransactionLog.java:77)  INSERT INTO TEST_TABLE( `id`,`content`,`ROW_NAME_KEY`,`pw`) VALUES('1387204730925054000','1387204730925082000','1387204730925054000','1387204730925077000')
[2013-12-16 23:38:52][DEBUG] (QueuedTransactionLog.java:77)  SELECT * FROM TEST_TABLE WHERE `ROW_NAME_KEY`=BINARY('1387204730925054000')
[2013-12-16 23:38:53][INFO] (QueuedTransactionLog.java:75)  DCP starting...
[2013-12-16 23:38:53][INFO] (QueuedTransactionLog.java:75)  DCP-Model is perparing...
[2013-12-16 23:38:59][DEBUG] (QueuedTransactionLog.java:77)  SHOW TABLES LIKE 'TEST_TABLE'
[2013-12-16 23:39:00][INFO] (QueuedTransactionLog.java:75)  DCP-Model is ready.
[2013-12-16 23:39:00][INFO] (QueuedTransactionLog.java:75)  DCP-Server is preparing...
[2013-12-16 23:39:00][FATAL] (QueuedTransactionLog.java:83)  DCP failed.
[2013-12-16 23:42:44][DEBUG] (QueuedTransactionLog.java:77)  SHOW TABLES LIKE 'TEST_TABLE'
[2013-12-16 23:42:44][DEBUG] (QueuedTransactionLog.java:77)  UPDATE  TEST_TABLE SET `id`=BINARY('1387204964507943000'),`content`=BINARY('1387204964507969000'),`ROW_NAME_KEY`=BINARY('1387204964507943000'),`pw`=BINARY('1387204964507964000')  WHERE `ROW_NAME_KEY`='1387204964507943000'
[2013-12-16 23:42:44][DEBUG] (QueuedTransactionLog.java:77)  INSERT INTO TEST_TABLE( `id`,`content`,`ROW_NAME_KEY`,`pw`) VALUES('1387204964507943000','1387204964507969000','1387204964507943000','1387204964507964000')
[2013-12-16 23:42:45][DEBUG] (QueuedTransactionLog.java:77)  SELECT * FROM TEST_TABLE WHERE `ROW_NAME_KEY`=BINARY('1387204964507943000')
[2013-12-16 23:42:46][INFO] (QueuedTransactionLog.java:75)  DCP starting...
[2013-12-16 23:42:46][INFO] (QueuedTransactionLog.java:75)  DCP-Model is perparing...
[2013-12-16 23:42:52][DEBUG] (QueuedTransactionLog.java:77)  SHOW TABLES LIKE 'TEST_TABLE'
[2013-12-16 23:42:52][INFO] (QueuedTransactionLog.java:75)  DCP-Model is ready.
[2013-12-16 23:42:52][INFO] (QueuedTransactionLog.java:75)  DCP-Server is preparing...
[2013-12-16 23:42:52][FATAL] (QueuedTransactionLog.java:83)  DCP failed.
[2013-12-16 23:44:02][DEBUG] (QueuedTransactionLog.java:77)  SHOW TABLES LIKE 'TEST_TABLE'
[2013-12-16 23:44:03][DEBUG] (QueuedTransactionLog.java:77)  UPDATE  TEST_TABLE SET `id`=BINARY('1387205043057051000'),`content`=BINARY('1387205043057075000'),`ROW_NAME_KEY`=BINARY('1387205043057051000'),`pw`=BINARY('1387205043057071000')  WHERE `ROW_NAME_KEY`='1387205043057051000'
[2013-12-16 23:44:03][DEBUG] (QueuedTransactionLog.java:77)  INSERT INTO TEST_TABLE( `id`,`content`,`ROW_NAME_KEY`,`pw`) VALUES('1387205043057051000','1387205043057075000','1387205043057051000','1387205043057071000')
[2013-12-16 23:44:04][DEBUG] (QueuedTransactionLog.java:77)  SELECT * FROM TEST_TABLE WHERE `ROW_NAME_KEY`=BINARY('1387205043057051000')
[2013-12-16 23:44:06][INFO] (QueuedTransactionLog.java:75)  DCP starting...
[2013-12-16 23:44:06][INFO] (QueuedTransactionLog.java:75)  DCP-Model is perparing...
[2013-12-16 23:44:12][DEBUG] (QueuedTransactionLog.java:77)  SHOW TABLES LIKE 'TEST_TABLE'
[2013-12-16 23:44:12][INFO] (QueuedTransactionLog.java:75)  DCP-Model is ready.
[2013-12-16 23:44:12][INFO] (QueuedTransactionLog.java:75)  DCP-Server is preparing...
[2013-12-16 23:44:12][FATAL] (QueuedTransactionLog.java:83)  DCP failed.
[2013-12-16 23:50:26][DEBUG] (QueuedTransactionLog.java:77)  SHOW TABLES LIKE 'TEST_TABLE'
[2013-12-16 23:50:27][DEBUG] (QueuedTransactionLog.java:77)  UPDATE  TEST_TABLE SET `id`=BINARY('1387205427036780000'),`content`=BINARY('1387205427036804000'),`ROW_NAME_KEY`=BINARY('1387205427036780000'),`pw`=BINARY('1387205427036800000')  WHERE `ROW_NAME_KEY`='1387205427036780000'
[2013-12-16 23:50:27][DEBUG] (QueuedTransactionLog.java:77)  INSERT INTO TEST_TABLE( `id`,`content`,`ROW_NAME_KEY`,`pw`) VALUES('1387205427036780000','1387205427036804000','1387205427036780000','1387205427036800000')
[2013-12-16 23:50:28][DEBUG] (QueuedTransactionLog.java:77)  SELECT * FROM TEST_TABLE WHERE `ROW_NAME_KEY`=BINARY('1387205427036780000')
[2013-12-16 23:50:30][INFO] (QueuedTransactionLog.java:75)  DCP starting...
[2013-12-16 23:50:30][INFO] (QueuedTransactionLog.java:75)  DCP-Model is perparing...
[2013-12-16 23:50:37][DEBUG] (QueuedTransactionLog.java:77)  SHOW TABLES LIKE 'TEST_TABLE'
[2013-12-16 23:50:37][INFO] (QueuedTransactionLog.java:75)  DCP-Model is ready.
[2013-12-16 23:50:37][INFO] (QueuedTransactionLog.java:75)  DCP-Server is preparing...
[2013-12-16 23:50:37][FATAL] (QueuedTransactionLog.java:83)  DCP failed.
[2013-12-16 23:51:11][DEBUG] (QueuedTransactionLog.java:77)  SHOW TABLES LIKE 'TEST_TABLE'
[2013-12-16 23:51:12][DEBUG] (QueuedTransactionLog.java:77)  UPDATE  TEST_TABLE SET `id`=BINARY('1387205471989119000'),`content`=BINARY('1387205471989138000'),`ROW_NAME_KEY`=BINARY('1387205471989119000'),`pw`=BINARY('1387205471989134000')  WHERE `ROW_NAME_KEY`='1387205471989119000'
[2013-12-16 23:51:12][DEBUG] (QueuedTransactionLog.java:77)  INSERT INTO TEST_TABLE( `id`,`content`,`ROW_NAME_KEY`,`pw`) VALUES('1387205471989119000','1387205471989138000','1387205471989119000','1387205471989134000')
[2013-12-16 23:51:13][DEBUG] (QueuedTransactionLog.java:77)  SELECT * FROM TEST_TABLE WHERE `ROW_NAME_KEY`=BINARY('1387205471989119000')
[2013-12-16 23:51:14][INFO] (QueuedTransactionLog.java:75)  DCP starting...
[2013-12-16 23:51:14][INFO] (QueuedTransactionLog.java:75)  DCP-Model is perparing...
[2013-12-16 23:51:22][DEBUG] (QueuedTransactionLog.java:77)  SHOW TABLES LIKE 'TEST_TABLE'
[2013-12-16 23:51:22][INFO] (QueuedTransactionLog.java:75)  DCP-Model is ready.
[2013-12-16 23:51:22][INFO] (QueuedTransactionLog.java:75)  DCP-Server is preparing...
[2013-12-16 23:51:22][FATAL] (QueuedTransactionLog.java:83)  DCP failed.
[2013-12-16 23:52:14][DEBUG] (QueuedTransactionLog.java:77)  SHOW TABLES LIKE 'TEST_TABLE'
[2013-12-16 23:52:15][DEBUG] (QueuedTransactionLog.java:77)  UPDATE  TEST_TABLE SET `id`=BINARY('1387205535092275000'),`content`=BINARY('1387205535092300000'),`ROW_NAME_KEY`=BINARY('1387205535092275000'),`pw`=BINARY('1387205535092295000')  WHERE `ROW_NAME_KEY`='1387205535092275000'
[2013-12-16 23:52:15][DEBUG] (QueuedTransactionLog.java:77)  INSERT INTO TEST_TABLE( `id`,`content`,`ROW_NAME_KEY`,`pw`) VALUES('1387205535092275000','1387205535092300000','1387205535092275000','1387205535092295000')
[2013-12-16 23:52:16][DEBUG] (QueuedTransactionLog.java:77)  SELECT * FROM TEST_TABLE WHERE `ROW_NAME_KEY`=BINARY('1387205535092275000')
[2013-12-16 23:52:18][INFO] (QueuedTransactionLog.java:75)  DCP starting...
[2013-12-16 23:52:18][INFO] (QueuedTransactionLog.java:75)  DCP-Model is perparing...
[2013-12-16 23:52:25][DEBUG] (QueuedTransactionLog.java:77)  SHOW TABLES LIKE 'TEST_TABLE'
[2013-12-16 23:52:25][INFO] (QueuedTransactionLog.java:75)  DCP-Model is ready.
[2013-12-16 23:52:25][INFO] (QueuedTransactionLog.java:75)  DCP-Server is preparing...
[2013-12-16 23:52:25][FATAL] (QueuedTransactionLog.java:83)  DCP failed.
